{"/Users/hopeuwa/Documents/Output8/stackoverflowlite-frontend/src/actions/actionTypes.js": {"path":"/Users/hopeuwa/Documents/Output8/stackoverflowlite-frontend/src/actions/actionTypes.js","statementMap":{"0":{"start":{"line":1,"column":24},"end":{"line":1,"column":0}},"1":{"start":{"line":2,"column":30},"end":{"line":2,"column":0}}},"fnMap":{},"branchMap":{},"s":{"0":0,"1":0},"f":{},"b":{}}
,"/Users/hopeuwa/Documents/Output8/stackoverflowlite-frontend/src/actions/questionAction.js": {"path":"/Users/hopeuwa/Documents/Output8/stackoverflowlite-frontend/src/actions/questionAction.js","statementMap":{"0":{"start":{"line":3,"column":0},"end":{"line":null,"column":-1}},"1":{"start":{"line":6,"column":2},"end":{"line":null,"column":-1}},"2":{"start":{"line":10,"column":2},"end":{"line":null,"column":-1}},"3":{"start":{"line":14,"column":2},"end":{"line":null,"column":-1}},"4":{"start":{"line":15,"column":17},"end":{"line":15,"column":4}},"5":{"start":{"line":16,"column":4},"end":{"line":null,"column":-1}},"6":{"start":{"line":17,"column":6},"end":{"line":null,"column":-1}},"7":{"start":{"line":18,"column":8},"end":{"line":null,"column":-1}},"8":{"start":{"line":20,"column":8},"end":{"line":null,"column":-1}}},"fnMap":{"0":{"name":"createQuestion","decl":{"start":{"line":5,"column":16},"end":{"line":5,"column":7}},"loc":{"start":{"line":5,"column":41},"end":{"line":7,"column":1}}},"1":{"name":"loadQuestionSuccess","decl":{"start":{"line":9,"column":16},"end":{"line":9,"column":7}},"loc":{"start":{"line":9,"column":46},"end":{"line":11,"column":1}}},"2":{"name":"loadQuestion","decl":{"start":{"line":13,"column":16},"end":{"line":13,"column":7}},"loc":{"start":{"line":13,"column":31},"end":{"line":24,"column":1}}},"3":{"name":"(anonymous_3)","decl":{"start":{"line":14,"column":9},"end":{"line":14,"column":18}},"loc":{"start":{"line":14,"column":29},"end":{"line":14,"column":2}}},"4":{"name":"(anonymous_4)","decl":{"start":{"line":16,"column":21},"end":{"line":16,"column":21}},"loc":{"start":{"line":16,"column":31},"end":{"line":16,"column":11}}},"5":{"name":"(anonymous_5)","decl":{"start":{"line":17,"column":23},"end":{"line":17,"column":23}},"loc":{"start":{"line":17,"column":38},"end":{"line":17,"column":6}}},"6":{"name":"(anonymous_6)","decl":{"start":{"line":19,"column":15},"end":{"line":19,"column":15}},"loc":{"start":{"line":19,"column":26},"end":{"line":17,"column":6}}}},"branchMap":{},"s":{"0":0,"1":0,"2":0,"3":0,"4":0,"5":0,"6":0,"7":0,"8":0},"f":{"0":0,"1":0,"2":0,"3":0,"4":0,"5":0,"6":0},"b":{}}
,"/Users/hopeuwa/Documents/Output8/stackoverflowlite-frontend/src/actions/simpleAction.js": {"path":"/Users/hopeuwa/Documents/Output8/stackoverflowlite-frontend/src/actions/simpleAction.js","statementMap":{"0":{"start":{"line":2,"column":28},"end":{"line":2,"column":7}},"1":{"start":{"line":2,"column":28},"end":{"line":null,"column":-1}},"2":{"start":{"line":3,"column":2},"end":{"line":null,"column":-1}}},"fnMap":{"0":{"name":"simpleAction","decl":{"start":{"line":2,"column":13},"end":{"line":2,"column":28}},"loc":{"start":{"line":2,"column":28},"end":{"line":2,"column":7}}},"1":{"name":"(anonymous_1)","decl":{"start":{"line":2,"column":34},"end":{"line":2,"column":34}},"loc":{"start":{"line":2,"column":48},"end":{"line":2,"column":28}}}},"branchMap":{},"s":{"0":0,"1":0,"2":0},"f":{"0":0,"1":0},"b":{}}
,"/Users/hopeuwa/Documents/Output8/stackoverflowlite-frontend/src/actions/signup/signupAction.js": {"path":"/Users/hopeuwa/Documents/Output8/stackoverflowlite-frontend/src/actions/signup/signupAction.js","statementMap":{"0":{"start":{"line":1,"column":0},"end":{"line":null,"column":-1}},"1":{"start":{"line":2,"column":0},"end":{"line":null,"column":-1}},"2":{"start":{"line":3,"column":0},"end":{"line":null,"column":-1}},"3":{"start":{"line":9,"column":29},"end":{"line":9,"column":7}},"4":{"start":{"line":9,"column":33},"end":{"line":null,"column":-1}},"5":{"start":{"line":14,"column":29},"end":{"line":14,"column":7}},"6":{"start":{"line":14,"column":34},"end":{"line":null,"column":-1}},"7":{"start":{"line":18,"column":29},"end":{"line":18,"column":7}},"8":{"start":{"line":18,"column":29},"end":{"line":null,"column":-1}},"9":{"start":{"line":22,"column":26},"end":{"line":22,"column":7}},"10":{"start":{"line":22,"column":30},"end":{"line":null,"column":-1}},"11":{"start":{"line":22,"column":42},"end":{"line":null,"column":-1}},"12":{"start":{"line":24,"column":4},"end":{"line":null,"column":-1}},"13":{"start":{"line":25,"column":4},"end":{"line":null,"column":-1}},"14":{"start":{"line":26,"column":4},"end":{"line":null,"column":-1}},"15":{"start":{"line":29,"column":21},"end":{"line":29,"column":4}},"16":{"start":{"line":30,"column":4},"end":{"line":null,"column":-1}},"17":{"start":{"line":31,"column":4},"end":{"line":null,"column":-1}},"18":{"start":{"line":32,"column":4},"end":{"line":null,"column":-1}}},"fnMap":{"0":{"name":"signupSuccess","decl":{"start":{"line":9,"column":13},"end":{"line":9,"column":29}},"loc":{"start":{"line":9,"column":33},"end":{"line":9,"column":7}}},"1":{"name":"signupFailure","decl":{"start":{"line":14,"column":13},"end":{"line":14,"column":29}},"loc":{"start":{"line":14,"column":34},"end":{"line":14,"column":7}}},"2":{"name":"signupRequest","decl":{"start":{"line":18,"column":13},"end":{"line":18,"column":29}},"loc":{"start":{"line":18,"column":29},"end":{"line":18,"column":7}}},"3":{"name":"signupUser","decl":{"start":{"line":22,"column":13},"end":{"line":22,"column":26}},"loc":{"start":{"line":22,"column":30},"end":{"line":22,"column":7}}},"4":{"name":"(anonymous_4)","decl":{"start":{"line":22,"column":34},"end":{"line":22,"column":33}},"loc":{"start":{"line":22,"column":42},"end":{"line":22,"column":30}}},"5":{"name":"(anonymous_5)","decl":{"start":{"line":23,"column":8},"end":{"line":23,"column":8}},"loc":{"start":{"line":23,"column":22},"end":{"line":22,"column":46}}},"6":{"name":"(anonymous_6)","decl":{"start":{"line":28,"column":9},"end":{"line":28,"column":9}},"loc":{"start":{"line":28,"column":20},"end":{"line":22,"column":46}}}},"branchMap":{"0":{"loc":{"start":{"line":29,"column":49},"end":{"line":29,"column":21}},"type":"cond-expr","locations":[{"start":{"line":29,"column":49},"end":{"line":29,"column":21}},{"start":{"line":29,"column":80},"end":{"line":29,"column":4}}]}},"s":{"0":0,"1":0,"2":0,"3":0,"4":0,"5":0,"6":0,"7":0,"8":0,"9":0,"10":0,"11":0,"12":0,"13":0,"14":0,"15":0,"16":0,"17":0,"18":0},"f":{"0":0,"1":0,"2":0,"3":0,"4":0,"5":0,"6":0},"b":{"0":[0,0]}}
,"/Users/hopeuwa/Documents/Output8/stackoverflowlite-frontend/src/actions/types/signup.js": {"path":"/Users/hopeuwa/Documents/Output8/stackoverflowlite-frontend/src/actions/types/signup.js","statementMap":{"0":{"start":{"line":1,"column":24},"end":{"line":1,"column":0}},"1":{"start":{"line":2,"column":24},"end":{"line":2,"column":0}},"2":{"start":{"line":3,"column":24},"end":{"line":3,"column":0}}},"fnMap":{},"branchMap":{},"s":{"0":0,"1":0,"2":0},"f":{},"b":{}}
,"/Users/hopeuwa/Documents/Output8/stackoverflowlite-frontend/src/components/App.js": {"path":"/Users/hopeuwa/Documents/Output8/stackoverflowlite-frontend/src/components/App.js","statementMap":{"0":{"start":{"line":3,"column":0},"end":{"line":null,"column":-1}},"1":{"start":{"line":4,"column":0},"end":{"line":null,"column":-1}},"2":{"start":{"line":5,"column":0},"end":{"line":null,"column":-1}},"3":{"start":{"line":6,"column":0},"end":{"line":null,"column":-1}},"4":{"start":{"line":7,"column":0},"end":{"line":null,"column":-1}},"5":{"start":{"line":9,"column":0},"end":{"line":null,"column":-1}},"6":{"start":{"line":10,"column":0},"end":{"line":null,"column":-1}},"7":{"start":{"line":11,"column":0},"end":{"line":null,"column":-1}},"8":{"start":{"line":13,"column":0},"end":{"line":null,"column":-1}},"9":{"start":{"line":17,"column":4},"end":{"line":null,"column":-1}}},"fnMap":{},"branchMap":{},"s":{"0":0,"1":0,"2":0,"3":0,"4":0,"5":0,"6":0,"7":0,"8":0,"9":0},"f":{},"b":{}}
,"/Users/hopeuwa/Documents/Output8/stackoverflowlite-frontend/src/components/Root.js": {"path":"/Users/hopeuwa/Documents/Output8/stackoverflowlite-frontend/src/components/Root.js","statementMap":{"0":{"start":{"line":2,"column":0},"end":{"line":null,"column":-1}},"1":{"start":{"line":3,"column":0},"end":{"line":null,"column":-1}},"2":{"start":{"line":4,"column":0},"end":{"line":null,"column":-1}},"3":{"start":{"line":5,"column":0},"end":{"line":null,"column":-1}},"4":{"start":{"line":6,"column":0},"end":{"line":null,"column":-1}},"5":{"start":{"line":11,"column":6},"end":{"line":10,"column":4}},"6":{"start":{"line":15,"column":4},"end":{"line":null,"column":-1}},"7":{"start":{"line":27,"column":0},"end":{"line":null,"column":-1}}},"fnMap":{},"branchMap":{},"s":{"0":0,"1":0,"2":0,"3":0,"4":0,"5":0,"6":0,"7":0},"f":{},"b":{}}
,"/Users/hopeuwa/Documents/Output8/stackoverflowlite-frontend/src/components/common/Header.js": {"path":"/Users/hopeuwa/Documents/Output8/stackoverflowlite-frontend/src/components/common/Header.js","statementMap":{"0":{"start":{"line":2,"column":0},"end":{"line":null,"column":-1}},"1":{"start":{"line":5,"column":0},"end":{"line":null,"column":-1}},"2":{"start":{"line":6,"column":0},"end":{"line":null,"column":-1}},"3":{"start":{"line":7,"column":0},"end":{"line":null,"column":-1}},"4":{"start":{"line":10,"column":22},"end":{"line":null,"column":-1}},"5":{"start":{"line":11,"column":8},"end":{"line":null,"column":-1}},"6":{"start":{"line":18,"column":20},"end":{"line":null,"column":-1}},"7":{"start":{"line":21,"column":8},"end":{"line":null,"column":-1}},"8":{"start":{"line":22,"column":8},"end":{"line":null,"column":-1}},"9":{"start":{"line":12,"column":12},"end":{"line":null,"column":-1}},"10":{"start":{"line":24,"column":44},"end":{"line":23,"column":11}},"11":{"start":{"line":23,"column":11},"end":{"line":23,"column":10}},"12":{"start":{"line":25,"column":36},"end":{"line":23,"column":11}},"13":{"start":{"line":27,"column":4},"end":{"line":null,"column":-1}},"14":{"start":{"line":62,"column":24},"end":{"line":62,"column":0}},"15":{"start":{"line":64,"column":4},"end":{"line":null,"column":-1}},"16":{"start":{"line":65,"column":4},"end":{"line":null,"column":-1}},"17":{"start":{"line":69,"column":31},"end":{"line":69,"column":4}},"18":{"start":{"line":70,"column":16},"end":{"line":null,"column":-1}}},"fnMap":{"0":{"name":"Header","decl":{"start":{"line":10,"column":4},"end":{"line":10,"column":15}},"loc":{"start":{"line":10,"column":22},"end":{"line":16,"column":5}}},"1":{"name":"(anonymous_2)","decl":{"start":{"line":18,"column":20},"end":{"line":null,"column":-1}},"loc":{"start":{"line":18,"column":20},"end":{"line":10,"column":22}}},"2":{"name":"(anonymous_3)","decl":{"start":{"line":20,"column":21},"end":{"line":20,"column":21}},"loc":{"start":{"line":20,"column":28},"end":{"line":10,"column":22}}},"3":{"name":"mapStateToProps","decl":{"start":{"line":62,"column":6},"end":{"line":62,"column":24}},"loc":{"start":{"line":62,"column":32},"end":{"line":62,"column":0}}},"4":{"name":"signup","decl":{"start":{"line":70,"column":16},"end":{"line":70,"column":16}},"loc":{"start":{"line":70,"column":16},"end":{"line":null,"column":-1}}}},"branchMap":{},"s":{"0":0,"1":0,"2":0,"3":0,"4":0,"5":0,"6":0,"7":0,"8":0,"9":0,"10":0,"11":0,"12":0,"13":0,"14":0,"15":0,"16":0,"17":0,"18":0},"f":{"0":0,"1":0,"2":0,"3":0,"4":0},"b":{}}
,"/Users/hopeuwa/Documents/Output8/stackoverflowlite-frontend/src/components/container/Home.js": {"path":"/Users/hopeuwa/Documents/Output8/stackoverflowlite-frontend/src/components/container/Home.js","statementMap":{"0":{"start":{"line":3,"column":0},"end":{"line":null,"column":-1}},"1":{"start":{"line":4,"column":0},"end":{"line":null,"column":-1}},"2":{"start":{"line":8,"column":4},"end":{"line":null,"column":-1}}},"fnMap":{},"branchMap":{},"s":{"0":0,"1":0,"2":0},"f":{},"b":{}}
,"/Users/hopeuwa/Documents/Output8/stackoverflowlite-frontend/src/components/container/QuestionPage.js": {"path":"/Users/hopeuwa/Documents/Output8/stackoverflowlite-frontend/src/components/container/QuestionPage.js","statementMap":{"0":{"start":{"line":3,"column":0},"end":{"line":null,"column":-1}},"1":{"start":{"line":4,"column":0},"end":{"line":null,"column":-1}},"2":{"start":{"line":5,"column":0},"end":{"line":null,"column":-1}},"3":{"start":{"line":6,"column":0},"end":{"line":null,"column":-1}},"4":{"start":{"line":7,"column":0},"end":{"line":null,"column":-1}},"5":{"start":{"line":11,"column":30},"end":{"line":null,"column":-1}},"6":{"start":{"line":12,"column":4},"end":{"line":null,"column":-1}},"7":{"start":{"line":14,"column":4},"end":{"line":null,"column":-1}},"8":{"start":{"line":17,"column":4},"end":{"line":null,"column":-1}},"9":{"start":{"line":18,"column":4},"end":{"line":null,"column":-1}},"10":{"start":{"line":22,"column":25},"end":{"line":21,"column":23}},"11":{"start":{"line":23,"column":4},"end":{"line":null,"column":-1}},"12":{"start":{"line":24,"column":4},"end":{"line":null,"column":-1}},"13":{"start":{"line":30,"column":4},"end":{"line":27,"column":16}},"14":{"start":{"line":35,"column":4},"end":{"line":null,"column":-1}},"15":{"start":{"line":39,"column":4},"end":{"line":null,"column":-1}},"16":{"start":{"line":50,"column":0},"end":{"line":null,"column":-1}},"17":{"start":{"line":57,"column":2},"end":{"line":null,"column":-1}},"18":{"start":{"line":66,"column":2},"end":{"line":null,"column":-1}}},"fnMap":{"0":{"name":"QuestionPage","decl":{"start":{"line":11,"column":2},"end":{"line":11,"column":13}},"loc":{"start":{"line":11,"column":30},"end":{"line":19,"column":3}}},"1":{"name":"mapStateToProps","decl":{"start":{"line":56,"column":9},"end":{"line":56,"column":0}},"loc":{"start":{"line":56,"column":42},"end":{"line":60,"column":1}}},"2":{"name":"mapDispatchToProps","decl":{"start":{"line":62,"column":9},"end":{"line":62,"column":0}},"loc":{"start":{"line":62,"column":38},"end":{"line":69,"column":1}}}},"branchMap":{},"s":{"0":0,"1":0,"2":0,"3":0,"4":0,"5":0,"6":0,"7":0,"8":0,"9":0,"10":0,"11":0,"12":0,"13":0,"14":0,"15":0,"16":0,"17":0,"18":0},"f":{"0":0,"1":0,"2":0},"b":{}}
,"/Users/hopeuwa/Documents/Output8/stackoverflowlite-frontend/src/components/container/QuestionsDisplay.js": {"path":"/Users/hopeuwa/Documents/Output8/stackoverflowlite-frontend/src/components/container/QuestionsDisplay.js","statementMap":{"0":{"start":{"line":3,"column":0},"end":{"line":null,"column":-1}},"1":{"start":{"line":6,"column":16},"end":{"line":null,"column":-1}},"2":{"start":{"line":7,"column":4},"end":{"line":null,"column":-1}},"3":{"start":{"line":8,"column":4},"end":{"line":null,"column":-1}},"4":{"start":{"line":9,"column":4},"end":{"line":null,"column":-1}},"5":{"start":{"line":12,"column":17},"end":{"line":null,"column":-1}},"6":{"start":{"line":13,"column":22},"end":{"line":13,"column":4}},"7":{"start":{"line":14,"column":6},"end":{"line":null,"column":-1}},"8":{"start":{"line":15,"column":8},"end":{"line":null,"column":-1}},"9":{"start":{"line":21,"column":4},"end":{"line":null,"column":-1}},"10":{"start":{"line":23,"column":39},"end":{"line":null,"column":-1}}},"fnMap":{"0":{"name":"QuestionDisplay","decl":{"start":{"line":6,"column":2},"end":{"line":6,"column":15}},"loc":{"start":{"line":6,"column":16},"end":{"line":10,"column":3}}},"1":{"name":"(anonymous_3)","decl":{"start":{"line":13,"column":120},"end":{"line":13,"column":120}},"loc":{"start":{"line":13,"column":129},"end":{"line":13,"column":22}}},"2":{"name":"(anonymous_4)","decl":{"start":{"line":14,"column":22},"end":{"line":14,"column":22}},"loc":{"start":{"line":14,"column":32},"end":{"line":14,"column":6}}},"3":{"name":"(anonymous_6)","decl":{"start":{"line":23,"column":35},"end":{"line":23,"column":34}},"loc":{"start":{"line":23,"column":39},"end":{"line":23,"column":10}}}},"branchMap":{"0":{"loc":{"start":{"line":23,"column":10},"end":{"line":22,"column":6}},"type":"cond-expr","locations":[{"start":{"line":23,"column":10},"end":{"line":22,"column":6}},{"start":{"line":42,"column":10},"end":{"line":21,"column":4}}]}},"s":{"0":0,"1":0,"2":0,"3":0,"4":0,"5":0,"6":0,"7":0,"8":0,"9":0,"10":0},"f":{"0":0,"1":0,"2":0,"3":0},"b":{"0":[0,0]}}
,"/Users/hopeuwa/Documents/Output8/stackoverflowlite-frontend/src/components/container/signup/Signup.js": {"path":"/Users/hopeuwa/Documents/Output8/stackoverflowlite-frontend/src/components/container/signup/Signup.js","statementMap":{"0":{"start":{"line":8,"column":4},"end":{"line":8,"column":17}},"1":{"start":{"line":9,"column":4},"end":{"line":11,"column":5}},"2":{"start":{"line":15,"column":4},"end":{"line":20,"column":6}},"3":{"start":{"line":23,"column":23},"end":{"line":23,"column":33}},"4":{"start":{"line":24,"column":6},"end":{"line":24,"column":33}},"5":{"start":{"line":29,"column":4},"end":{"line":29,"column":27}},"6":{"start":{"line":30,"column":21},"end":{"line":30,"column":38}},"7":{"start":{"line":31,"column":4},"end":{"line":31,"column":19}},"8":{"start":{"line":32,"column":4},"end":{"line":32,"column":43}},"9":{"start":{"line":33,"column":19},"end":{"line":33,"column":52}},"10":{"start":{"line":34,"column":4},"end":{"line":34,"column":37}},"11":{"start":{"line":35,"column":4},"end":{"line":37,"column":5}},"12":{"start":{"line":36,"column":8},"end":{"line":36,"column":40}},"13":{"start":{"line":41,"column":6},"end":{"line":41,"column":37}},"14":{"start":{"line":42,"column":4},"end":{"line":44,"column":7}},"15":{"start":{"line":48,"column":24},"end":{"line":48,"column":34}},"16":{"start":{"line":49,"column":17},"end":{"line":51,"column":5}},"17":{"start":{"line":52,"column":21},"end":{"line":52,"column":31}},"18":{"start":{"line":53,"column":4},"end":{"line":75,"column":6}}},"fnMap":{"0":{"name":"(anonymous_0)","decl":{"start":{"line":7,"column":2},"end":{"line":7,"column":3}},"loc":{"start":{"line":7,"column":21},"end":{"line":12,"column":3}},"line":7},"1":{"name":"(anonymous_1)","decl":{"start":{"line":14,"column":15},"end":{"line":14,"column":16}},"loc":{"start":{"line":14,"column":19},"end":{"line":21,"column":3}},"line":14},"2":{"name":"(anonymous_2)","decl":{"start":{"line":22,"column":29},"end":{"line":22,"column":30}},"loc":{"start":{"line":22,"column":34},"end":{"line":26,"column":3}},"line":22},"3":{"name":"(anonymous_3)","decl":{"start":{"line":28,"column":17},"end":{"line":28,"column":18}},"loc":{"start":{"line":28,"column":34},"end":{"line":38,"column":3}},"line":28},"4":{"name":"(anonymous_4)","decl":{"start":{"line":40,"column":16},"end":{"line":40,"column":17}},"loc":{"start":{"line":40,"column":27},"end":{"line":45,"column":3}},"line":40},"5":{"name":"(anonymous_5)","decl":{"start":{"line":47,"column":2},"end":{"line":47,"column":3}},"loc":{"start":{"line":47,"column":11},"end":{"line":76,"column":3}},"line":47}},"branchMap":{"0":{"loc":{"start":{"line":35,"column":4},"end":{"line":37,"column":5}},"type":"if","locations":[{"start":{"line":35,"column":4},"end":{"line":37,"column":5}},{"start":{"line":35,"column":4},"end":{"line":37,"column":5}}],"line":35}},"s":{"0":3,"1":3,"2":0,"3":0,"4":0,"5":1,"6":1,"7":1,"8":1,"9":1,"10":1,"11":1,"12":0,"13":6,"14":6,"15":9,"16":9,"17":9,"18":9},"f":{"0":3,"1":0,"2":0,"3":1,"4":6,"5":9},"b":{"0":[0,0]},"_coverageSchema":"332fd63041d2c1bcb487cc26dd0d5f7d97098a6c","hash":"459437ff51cfa517a5adbd03f01ec4df4b58eaa2"}
,"/Users/hopeuwa/Documents/Output8/stackoverflowlite-frontend/src/reducers/index.js": {"path":"/Users/hopeuwa/Documents/Output8/stackoverflowlite-frontend/src/reducers/index.js","statementMap":{"0":{"start":{"line":2,"column":0},"end":{"line":null,"column":-1}},"1":{"start":{"line":3,"column":0},"end":{"line":null,"column":-1}},"2":{"start":{"line":4,"column":0},"end":{"line":null,"column":-1}},"3":{"start":{"line":5,"column":0},"end":{"line":null,"column":-1}}},"fnMap":{},"branchMap":{},"s":{"0":0,"1":0,"2":0,"3":0},"f":{},"b":{}}
,"/Users/hopeuwa/Documents/Output8/stackoverflowlite-frontend/src/reducers/questionReducer.js": {"path":"/Users/hopeuwa/Documents/Output8/stackoverflowlite-frontend/src/reducers/questionReducer.js","statementMap":{"0":{"start":{"line":1,"column":0},"end":{"line":null,"column":-1}},"1":{"start":{"line":3,"column":60},"end":{"line":3,"column":59}},"2":{"start":{"line":3,"column":60},"end":{"line":null,"column":-1}},"3":{"start":{"line":4,"column":2},"end":{"line":null,"column":-1}},"4":{"start":{"line":6,"column":6},"end":{"line":null,"column":-1}},"5":{"start":{"line":10,"column":6},"end":{"line":null,"column":-1}},"6":{"start":{"line":12,"column":6},"end":{"line":null,"column":-1}}},"fnMap":{"0":{"name":"questionReducer","decl":{"start":{"line":3,"column":24},"end":{"line":3,"column":15}},"loc":{"start":{"line":3,"column":60},"end":{"line":14,"column":1}}}},"branchMap":{"0":{"loc":{"start":{"line":3,"column":60},"end":{"line":3,"column":47}},"type":"cond-expr","locations":[{"start":{"line":3,"column":60},"end":{"line":3,"column":47}},{"start":{"line":3,"column":48},"end":{"line":3,"column":60}}]},"1":{"loc":{"start":{"line":3,"column":60},"end":{"line":3,"column":47}},"type":"binary-expr","locations":[{"start":{"line":3,"column":60},"end":{"line":3,"column":47}},{"start":{"line":3,"column":60},"end":{"line":3,"column":47}}]},"2":{"loc":{"start":{"line":3,"column":60},"end":{"line":null,"column":-1}},"type":"cond-expr","locations":[{"start":{"line":3,"column":60},"end":{"line":null,"column":-1}},{"start":{"line":3,"column":60},"end":{"line":null,"column":-1}}]},"3":{"loc":{"start":{"line":5,"column":4},"end":{"line":6,"column":6}},"type":"switch","locations":[{"start":{"line":5,"column":4},"end":{"line":6,"column":6}},{"start":{"line":9,"column":4},"end":{"line":10,"column":6}},{"start":{"line":11,"column":4},"end":{"line":12,"column":6}}]}},"s":{"0":0,"1":0,"2":0,"3":0,"4":0,"5":0,"6":0},"f":{"0":0},"b":{"0":[0,0],"1":[0,0],"2":[0,0],"3":[0,0,0]}}
,"/Users/hopeuwa/Documents/Output8/stackoverflowlite-frontend/src/reducers/simpleReducer.js": {"path":"/Users/hopeuwa/Documents/Output8/stackoverflowlite-frontend/src/reducers/simpleReducer.js","statementMap":{"0":{"start":{"line":1,"column":39},"end":{"line":1,"column":38}},"1":{"start":{"line":1,"column":39},"end":{"line":null,"column":-1}},"2":{"start":{"line":2,"column":2},"end":{"line":null,"column":-1}},"3":{"start":{"line":4,"column":6},"end":{"line":null,"column":-1}},"4":{"start":{"line":8,"column":6},"end":{"line":null,"column":-1}}},"fnMap":{},"branchMap":{"0":{"loc":{"start":{"line":1,"column":39},"end":{"line":1,"column":23}},"type":"cond-expr","locations":[{"start":{"line":1,"column":39},"end":{"line":1,"column":23}},{"start":{"line":1,"column":24},"end":{"line":1,"column":39}}]},"1":{"loc":{"start":{"line":1,"column":39},"end":{"line":1,"column":23}},"type":"binary-expr","locations":[{"start":{"line":1,"column":39},"end":{"line":1,"column":23}},{"start":{"line":1,"column":39},"end":{"line":1,"column":23}}]},"2":{"loc":{"start":{"line":1,"column":39},"end":{"line":null,"column":-1}},"type":"cond-expr","locations":[{"start":{"line":1,"column":39},"end":{"line":null,"column":-1}},{"start":{"line":1,"column":39},"end":{"line":null,"column":-1}}]},"3":{"loc":{"start":{"line":3,"column":4},"end":{"line":4,"column":6}},"type":"switch","locations":[{"start":{"line":3,"column":4},"end":{"line":4,"column":6}},{"start":{"line":7,"column":4},"end":{"line":8,"column":6}}]}},"s":{"0":0,"1":0,"2":0,"3":0,"4":0},"f":{},"b":{"0":[0,0],"1":[0,0],"2":[0,0],"3":[0,0]}}
,"/Users/hopeuwa/Documents/Output8/stackoverflowlite-frontend/src/reducers/signup/signupReducer.js": {"path":"/Users/hopeuwa/Documents/Output8/stackoverflowlite-frontend/src/reducers/signup/signupReducer.js","statementMap":{"0":{"start":{"line":1,"column":0},"end":{"line":null,"column":-1}},"1":{"start":{"line":7,"column":23},"end":{"line":7,"column":2}},"2":{"start":{"line":13,"column":24},"end":{"line":13,"column":2}},"3":{"start":{"line":13,"column":58},"end":{"line":13,"column":57}},"4":{"start":{"line":13,"column":58},"end":{"line":null,"column":-1}},"5":{"start":{"line":14,"column":4},"end":{"line":null,"column":-1}},"6":{"start":{"line":16,"column":6},"end":{"line":null,"column":-1}},"7":{"start":{"line":22,"column":6},"end":{"line":null,"column":-1}},"8":{"start":{"line":30,"column":6},"end":{"line":null,"column":-1}},"9":{"start":{"line":38,"column":6},"end":{"line":null,"column":-1}}},"fnMap":{"0":{"name":"signupReducer","decl":{"start":{"line":13,"column":8},"end":{"line":13,"column":24}},"loc":{"start":{"line":13,"column":58},"end":{"line":13,"column":2}}}},"branchMap":{"0":{"loc":{"start":{"line":13,"column":58},"end":{"line":13,"column":32}},"type":"cond-expr","locations":[{"start":{"line":13,"column":58},"end":{"line":13,"column":32}},{"start":{"line":13,"column":33},"end":{"line":13,"column":58}}]},"1":{"loc":{"start":{"line":13,"column":58},"end":{"line":13,"column":32}},"type":"binary-expr","locations":[{"start":{"line":13,"column":58},"end":{"line":13,"column":32}},{"start":{"line":13,"column":58},"end":{"line":13,"column":32}}]},"2":{"loc":{"start":{"line":13,"column":58},"end":{"line":null,"column":-1}},"type":"cond-expr","locations":[{"start":{"line":13,"column":58},"end":{"line":null,"column":-1}},{"start":{"line":13,"column":58},"end":{"line":null,"column":-1}}]},"3":{"loc":{"start":{"line":15,"column":4},"end":{"line":16,"column":6}},"type":"switch","locations":[{"start":{"line":15,"column":4},"end":{"line":16,"column":6}},{"start":{"line":21,"column":4},"end":{"line":22,"column":6}},{"start":{"line":29,"column":4},"end":{"line":30,"column":6}},{"start":{"line":37,"column":4},"end":{"line":38,"column":6}}]}},"s":{"0":0,"1":0,"2":0,"3":0,"4":0,"5":0,"6":0,"7":0,"8":0,"9":0},"f":{"0":0},"b":{"0":[0,0],"1":[0,0],"2":[0,0],"3":[0,0,0,0]}}
,"/Users/hopeuwa/Documents/Output8/stackoverflowlite-frontend/src/store/configureStore.js": {"path":"/Users/hopeuwa/Documents/Output8/stackoverflowlite-frontend/src/store/configureStore.js","statementMap":{"0":{"start":{"line":1,"column":0},"end":{"line":null,"column":-1}},"1":{"start":{"line":2,"column":0},"end":{"line":null,"column":-1}},"2":{"start":{"line":3,"column":0},"end":{"line":null,"column":-1}},"3":{"start":{"line":5,"column":19},"end":{"line":5,"column":0}},"4":{"start":{"line":10,"column":2},"end":{"line":null,"column":-1}},"5":{"start":{"line":16,"column":14},"end":{"line":16,"column":0}},"6":{"start":{"line":17,"column":0},"end":{"line":null,"column":-1}},"7":{"start":{"line":19,"column":0},"end":{"line":null,"column":-1}},"8":{"start":{"line":19,"column":16},"end":{"line":null,"column":-1}}},"fnMap":{"0":{"name":"configureStore","decl":{"start":{"line":9,"column":9},"end":{"line":9,"column":0}},"loc":{"start":{"line":9,"column":38},"end":{"line":15,"column":1}}},"1":{"name":"(anonymous_1)","decl":{"start":{"line":19,"column":16},"end":{"line":null,"column":-1}},"loc":{"start":{"line":19,"column":16},"end":{"line":19,"column":0}}}},"branchMap":{"0":{"loc":{"start":{"line":6,"column":2},"end":{"line":5,"column":19}},"type":"cond-expr","locations":[{"start":{"line":6,"column":2},"end":{"line":5,"column":19}},{"start":{"line":7,"column":2},"end":{"line":5,"column":0}}]}},"s":{"0":0,"1":0,"2":0,"3":0,"4":0,"5":0,"6":0,"7":0,"8":0},"f":{"0":0,"1":0},"b":{"0":[0,0]}}
}
