TN:
SF:/Users/hopeuwa/Documents/Output8/stackoverflowlite-frontend/src/actions/actionTypes.js
FNF:0
FNH:0
DA:1,0
DA:2,0
LF:2
LH:0
BRF:0
BRH:0
end_of_record
TN:
SF:/Users/hopeuwa/Documents/Output8/stackoverflowlite-frontend/src/actions/questionAction.js
FN:5,createQuestion
FN:9,loadQuestionSuccess
FN:13,loadQuestion
FN:14,(anonymous_3)
FN:16,(anonymous_4)
FN:17,(anonymous_5)
FN:19,(anonymous_6)
FNF:7
FNH:0
FNDA:0,createQuestion
FNDA:0,loadQuestionSuccess
FNDA:0,loadQuestion
FNDA:0,(anonymous_3)
FNDA:0,(anonymous_4)
FNDA:0,(anonymous_5)
FNDA:0,(anonymous_6)
DA:3,0
DA:6,0
DA:10,0
DA:14,0
DA:15,0
DA:16,0
DA:17,0
DA:18,0
DA:20,0
LF:9
LH:0
BRF:0
BRH:0
end_of_record
TN:
SF:/Users/hopeuwa/Documents/Output8/stackoverflowlite-frontend/src/actions/simpleAction.js
FN:2,simpleAction
FN:2,(anonymous_1)
FNF:2
FNH:0
FNDA:0,simpleAction
FNDA:0,(anonymous_1)
DA:2,0
DA:3,0
LF:2
LH:0
BRF:0
BRH:0
end_of_record
TN:
SF:/Users/hopeuwa/Documents/Output8/stackoverflowlite-frontend/src/actions/signup/signupAction.js
FN:9,signupSuccess
FN:14,signupFailure
FN:18,signupRequest
FN:22,signupUser
FN:22,(anonymous_4)
FN:23,(anonymous_5)
FN:28,(anonymous_6)
FNF:7
FNH:0
FNDA:0,signupSuccess
FNDA:0,signupFailure
FNDA:0,signupRequest
FNDA:0,signupUser
FNDA:0,(anonymous_4)
FNDA:0,(anonymous_5)
FNDA:0,(anonymous_6)
DA:1,0
DA:2,0
DA:3,0
DA:9,0
DA:14,0
DA:18,0
DA:22,0
DA:24,0
DA:25,0
DA:26,0
DA:29,0
DA:30,0
DA:31,0
DA:32,0
LF:14
LH:0
BRDA:29,0,0,0
BRDA:29,0,1,0
BRF:2
BRH:0
end_of_record
TN:
SF:/Users/hopeuwa/Documents/Output8/stackoverflowlite-frontend/src/actions/types/signup.js
FNF:0
FNH:0
DA:1,0
DA:2,0
DA:3,0
LF:3
LH:0
BRF:0
BRH:0
end_of_record
TN:
SF:/Users/hopeuwa/Documents/Output8/stackoverflowlite-frontend/src/components/App.js
FNF:0
FNH:0
DA:3,0
DA:4,0
DA:5,0
DA:6,0
DA:7,0
DA:9,0
DA:10,0
DA:11,0
DA:13,0
DA:17,0
LF:10
LH:0
BRF:0
BRH:0
end_of_record
TN:
SF:/Users/hopeuwa/Documents/Output8/stackoverflowlite-frontend/src/components/Root.js
FNF:0
FNH:0
DA:2,0
DA:3,0
DA:4,0
DA:5,0
DA:6,0
DA:11,0
DA:15,0
DA:27,0
LF:8
LH:0
BRF:0
BRH:0
end_of_record
TN:
SF:/Users/hopeuwa/Documents/Output8/stackoverflowlite-frontend/src/components/common/Header.js
FN:10,Header
FN:18,(anonymous_2)
FN:20,(anonymous_3)
FN:62,mapStateToProps
FN:70,signup
FNF:5
FNH:0
FNDA:0,Header
FNDA:0,(anonymous_2)
FNDA:0,(anonymous_3)
FNDA:0,mapStateToProps
FNDA:0,signup
DA:2,0
DA:5,0
DA:6,0
DA:7,0
DA:10,0
DA:11,0
DA:12,0
DA:18,0
DA:21,0
DA:22,0
DA:23,0
DA:24,0
DA:25,0
DA:27,0
DA:62,0
DA:64,0
DA:65,0
DA:69,0
DA:70,0
LF:19
LH:0
BRF:0
BRH:0
end_of_record
TN:
SF:/Users/hopeuwa/Documents/Output8/stackoverflowlite-frontend/src/components/container/Home.js
FNF:0
FNH:0
DA:3,0
DA:4,0
DA:8,0
LF:3
LH:0
BRF:0
BRH:0
end_of_record
TN:
SF:/Users/hopeuwa/Documents/Output8/stackoverflowlite-frontend/src/components/container/QuestionPage.js
FN:11,QuestionPage
FN:56,mapStateToProps
FN:62,mapDispatchToProps
FNF:3
FNH:0
FNDA:0,QuestionPage
FNDA:0,mapStateToProps
FNDA:0,mapDispatchToProps
DA:3,0
DA:4,0
DA:5,0
DA:6,0
DA:7,0
DA:11,0
DA:12,0
DA:14,0
DA:17,0
DA:18,0
DA:22,0
DA:23,0
DA:24,0
DA:30,0
DA:35,0
DA:39,0
DA:50,0
DA:57,0
DA:66,0
LF:19
LH:0
BRF:0
BRH:0
end_of_record
TN:
SF:/Users/hopeuwa/Documents/Output8/stackoverflowlite-frontend/src/components/container/QuestionsDisplay.js
FN:6,QuestionDisplay
FN:13,(anonymous_3)
FN:14,(anonymous_4)
FN:23,(anonymous_6)
FNF:4
FNH:0
FNDA:0,QuestionDisplay
FNDA:0,(anonymous_3)
FNDA:0,(anonymous_4)
FNDA:0,(anonymous_6)
DA:3,0
DA:6,0
DA:7,0
DA:8,0
DA:9,0
DA:12,0
DA:13,0
DA:14,0
DA:15,0
DA:21,0
DA:23,0
LF:11
LH:0
BRDA:23,0,0,0
BRDA:23,0,1,0
BRF:2
BRH:0
end_of_record
TN:
SF:/Users/hopeuwa/Documents/Output8/stackoverflowlite-frontend/src/components/container/signup/Signup.js
FN:7,(anonymous_0)
FN:14,(anonymous_1)
FN:22,(anonymous_2)
FN:28,(anonymous_3)
FN:40,(anonymous_4)
FN:47,(anonymous_5)
FNF:6
FNH:4
FNDA:3,(anonymous_0)
FNDA:0,(anonymous_1)
FNDA:0,(anonymous_2)
FNDA:1,(anonymous_3)
FNDA:6,(anonymous_4)
FNDA:9,(anonymous_5)
DA:8,3
DA:9,3
DA:15,0
DA:23,0
DA:24,0
DA:29,1
DA:30,1
DA:31,1
DA:32,1
DA:33,1
DA:34,1
DA:35,1
DA:36,0
DA:41,6
DA:42,6
DA:48,9
DA:49,9
DA:52,9
DA:53,9
LF:19
LH:15
BRDA:35,0,0,0
BRDA:35,0,1,0
BRF:2
BRH:0
end_of_record
TN:
SF:/Users/hopeuwa/Documents/Output8/stackoverflowlite-frontend/src/reducers/index.js
FNF:0
FNH:0
DA:2,0
DA:3,0
DA:4,0
DA:5,0
LF:4
LH:0
BRF:0
BRH:0
end_of_record
TN:
SF:/Users/hopeuwa/Documents/Output8/stackoverflowlite-frontend/src/reducers/questionReducer.js
FN:3,questionReducer
FNF:1
FNH:0
FNDA:0,questionReducer
DA:1,0
DA:3,0
DA:4,0
DA:6,0
DA:10,0
DA:12,0
LF:6
LH:0
BRDA:3,0,0,0
BRDA:3,0,1,0
BRDA:3,1,0,0
BRDA:3,1,1,0
BRDA:3,2,0,0
BRDA:3,2,1,0
BRDA:5,3,0,0
BRDA:5,3,1,0
BRDA:5,3,2,0
BRF:9
BRH:0
end_of_record
TN:
SF:/Users/hopeuwa/Documents/Output8/stackoverflowlite-frontend/src/reducers/simpleReducer.js
FNF:0
FNH:0
DA:1,0
DA:2,0
DA:4,0
DA:8,0
LF:4
LH:0
BRDA:1,0,0,0
BRDA:1,0,1,0
BRDA:1,1,0,0
BRDA:1,1,1,0
BRDA:1,2,0,0
BRDA:1,2,1,0
BRDA:3,3,0,0
BRDA:3,3,1,0
BRF:8
BRH:0
end_of_record
TN:
SF:/Users/hopeuwa/Documents/Output8/stackoverflowlite-frontend/src/reducers/signup/signupReducer.js
FN:13,signupReducer
FNF:1
FNH:0
FNDA:0,signupReducer
DA:1,0
DA:7,0
DA:13,0
DA:14,0
DA:16,0
DA:22,0
DA:30,0
DA:38,0
LF:8
LH:0
BRDA:13,0,0,0
BRDA:13,0,1,0
BRDA:13,1,0,0
BRDA:13,1,1,0
BRDA:13,2,0,0
BRDA:13,2,1,0
BRDA:15,3,0,0
BRDA:15,3,1,0
BRDA:15,3,2,0
BRDA:15,3,3,0
BRF:10
BRH:0
end_of_record
TN:
SF:/Users/hopeuwa/Documents/Output8/stackoverflowlite-frontend/src/store/configureStore.js
FN:9,configureStore
FN:19,(anonymous_1)
FNF:2
FNH:0
FNDA:0,configureStore
FNDA:0,(anonymous_1)
DA:1,0
DA:2,0
DA:3,0
DA:5,0
DA:10,0
DA:16,0
DA:17,0
DA:19,0
LF:8
LH:0
BRDA:6,0,0,0
BRDA:6,0,1,0
BRF:2
BRH:0
end_of_record
